Determining if the pthread_create exist failed with the following output:
Change Dir: /home/wangni/tum/tiqu/build/CMakeFiles/CMakeTmp

Run Build Command:"/usr/bin/make" "cmTC_bb689/fast"
/usr/bin/make -f CMakeFiles/cmTC_bb689.dir/build.make CMakeFiles/cmTC_bb689.dir/build
make[1]: Entering directory '/home/wangni/tum/tiqu/build/CMakeFiles/CMakeTmp'
Building C object CMakeFiles/cmTC_bb689.dir/CheckSymbolExists.c.o
/usr/bin/cc     -o CMakeFiles/cmTC_bb689.dir/CheckSymbolExists.c.o   -c /home/wangni/tum/tiqu/build/CMakeFiles/CMakeTmp/CheckSymbolExists.c
Linking C executable cmTC_bb689
/usr/bin/cmake -E cmake_link_script CMakeFiles/cmTC_bb689.dir/link.txt --verbose=1
/usr/bin/cc       CMakeFiles/cmTC_bb689.dir/CheckSymbolExists.c.o  -o cmTC_bb689 -rdynamic 
CMakeFiles/cmTC_bb689.dir/CheckSymbolExists.c.o：在函数‘main’中：
CheckSymbolExists.c:(.text+0xa)：对‘pthread_create’未定义的引用
collect2: error: ld returned 1 exit status
CMakeFiles/cmTC_bb689.dir/build.make:97: recipe for target 'cmTC_bb689' failed
make[1]: *** [cmTC_bb689] Error 1
make[1]: Leaving directory '/home/wangni/tum/tiqu/build/CMakeFiles/CMakeTmp'
Makefile:126: recipe for target 'cmTC_bb689/fast' failed
make: *** [cmTC_bb689/fast] Error 2

File /home/wangni/tum/tiqu/build/CMakeFiles/CMakeTmp/CheckSymbolExists.c:
/* */
#include <pthread.h>

int main(int argc, char** argv)
{
  (void)argv;
#ifndef pthread_create
  return ((int*)(&pthread_create))[argc];
#else
  (void)argc;
  return 0;
#endif
}

Determining if the function pthread_create exists in the pthreads failed with the following output:
Change Dir: /home/wangni/tum/tiqu/build/CMakeFiles/CMakeTmp

Run Build Command:"/usr/bin/make" "cmTC_332f6/fast"
/usr/bin/make -f CMakeFiles/cmTC_332f6.dir/build.make CMakeFiles/cmTC_332f6.dir/build
make[1]: Entering directory '/home/wangni/tum/tiqu/build/CMakeFiles/CMakeTmp'
Building C object CMakeFiles/cmTC_332f6.dir/CheckFunctionExists.c.o
/usr/bin/cc    -DCHECK_FUNCTION_EXISTS=pthread_create   -o CMakeFiles/cmTC_332f6.dir/CheckFunctionExists.c.o   -c /usr/share/cmake-3.5/Modules/CheckFunctionExists.c
Linking C executable cmTC_332f6
/usr/bin/cmake -E cmake_link_script CMakeFiles/cmTC_332f6.dir/link.txt --verbose=1
/usr/bin/cc   -DCHECK_FUNCTION_EXISTS=pthread_create    CMakeFiles/cmTC_332f6.dir/CheckFunctionExists.c.o  -o cmTC_332f6 -rdynamic -lpthreads 
/usr/bin/ld: 找不到 -lpthreads
collect2: error: ld returned 1 exit status
CMakeFiles/cmTC_332f6.dir/build.make:97: recipe for target 'cmTC_332f6' failed
make[1]: *** [cmTC_332f6] Error 1
make[1]: Leaving directory '/home/wangni/tum/tiqu/build/CMakeFiles/CMakeTmp'
Makefile:126: recipe for target 'cmTC_332f6/fast' failed
make: *** [cmTC_332f6/fast] Error 2


